<?xml version="1.0" encoding="UTF-8"?>
<!-- Generated by org.testng.reporters.JUnitReportReporter -->
<testsuite hostname="DESKTOP-OK92444" failures="0" tests="6" name="api.ReqresTest" time="1.375" errors="0" timestamp="2022-09-09T17:14:17 MSK" skipped="0">
  <testcase classname="api.ReqresTest" name="sortedYearsTest" time="0.192"/>
  <system-out/>
  <testcase classname="api.ReqresTest" name="successRegTest" time="0.231"/>
  <system-out/>
  <testcase classname="api.ReqresTest" name="checkAvatarIdTest" time="0.242"/>
  <system-out/>
  <testcase classname="api.ReqresTest" name="deleteUserTest" time="0.293"/>
  <system-out/>
  <testcase classname="api.ReqresTest" name="timeTest" time="0.223"/>
  <system-out/>
  <testcase classname="api.ReqresTest" name="unSuccessRegTest" time="0.194"/>
  <system-out/>
</testsuite> <!-- api.ReqresTest -->
