<?xml version="1.0" encoding="UTF-8"?>
<!-- Generated by org.testng.reporters.JUnitReportReporter -->
<testsuite hostname="DESKTOP-OK92444" failures="0" tests="3" name="api.ReqresNoPojoTest" time="10.413" errors="0" timestamp="2022-09-09T17:14:17 MSK" skipped="0">
  <testcase classname="api.ReqresNoPojoTest" name="successUserRegNoPojoTest" time="0.903"/>
  <system-out/>
  <testcase classname="api.ReqresNoPojoTest" name="unSuccessRegNoPojoTest" time="0.476"/>
  <system-out/>
  <testcase classname="api.ReqresNoPojoTest" name="checkAvatarNoPojoTest" time="9.034"/>
  <system-out/>
</testsuite> <!-- api.ReqresNoPojoTest -->
